<?xml version="1.0" encoding="UTF-8"?>
<robot generator="Robot 3.2.1 (Python 3.9.2 on win32)" generated="20210322 17:35:44.353" rpa="false">
<suite id="s1" name="Testjenkins3" source="C:\Git folder\TestJenkins3\testjenkins3.robot">
<test id="s1-t1" name="Test 1234">
<kw name="Should Be Equal" library="BuiltIn">
<doc>Fails if the given objects are unequal.</doc>
<arguments>
<arg>1</arg>
<arg>1</arg>
</arguments>
<status status="PASS" starttime="20210322 17:35:44.643" endtime="20210322 17:35:44.643"></status>
</kw>
<status status="PASS" starttime="20210322 17:35:44.642" endtime="20210322 17:35:44.645" critical="yes"></status>
</test>
<status status="PASS" starttime="20210322 17:35:44.354" endtime="20210322 17:35:44.646"></status>
</suite>
<statistics>
<total>
<stat pass="1" fail="0">Critical Tests</stat>
<stat pass="1" fail="0">All Tests</stat>
</total>
<tag>
</tag>
<suite>
<stat pass="1" fail="0" id="s1" name="Testjenkins3">Testjenkins3</stat>
</suite>
</statistics>
<errors>
</errors>
</robot>
